This file contains any messages produced by compilers while
running configure, to aid debugging if configure makes a mistake.

It was created by libusb configure 1.0.9, which was
generated by GNU Autoconf 2.68.  Invocation command line was

  $ ./configure --prefix=/home/yf/bcm/src/dhd_rel_1_206_43569/src/usbdev/libusb-1.0.9/install --host=arm-linux CC=arm-hisiv200-linux-gnueabi-gcc

## --------- ##
## Platform. ##
## --------- ##

hostname = iton-Vostro-3900
uname -m = x86_64
uname -r = 3.13.0-32-generic
uname -s = Linux
uname -v = #57-Ubuntu SMP Tue Jul 15 03:51:08 UTC 2014

/usr/bin/uname -p = unknown
/bin/uname -X     = unknown

/bin/arch              = unknown
/usr/bin/arch -k       = unknown
/usr/convex/getsysinfo = unknown
/usr/bin/hostinfo      = unknown
/bin/machine           = unknown
/usr/bin/oslevel       = unknown
/bin/universe          = unknown

PATH: /opt/hisi-linux/x86-arm/arm-hisiv200-linux/bin
PATH: /opt/hisi-linux/x86-arm/arm-hisiv200-linux/bin
PATH: /opt/hisi-linux/x86-arm/arm-hisiv200-linux/target/bin
PATH: /usr/local/sbin
PATH: /usr/local/bin
PATH: /usr/sbin
PATH: /usr/bin
PATH: /sbin
PATH: /bin
PATH: /usr/games
PATH: /usr/local/games
PATH: /usr/lib/jvm/java-6-oracle/bin
PATH: /usr/lib/jvm/java-6-oracle/db/bin
PATH: /usr/lib/jvm/java-6-oracle/jre/bin


## ----------- ##
## Core tests. ##
## ----------- ##

configure:2370: checking for a BSD-compatible install
configure:2438: result: /usr/bin/install -c
configure:2449: checking whether build environment is sane
configure:2499: result: yes
configure:2548: checking for arm-linux-strip
configure:2575: result: arm-hisiv200-linux-gnueabi-strip
configure:2640: checking for a thread-safe mkdir -p
configure:2679: result: /bin/mkdir -p
configure:2692: checking for gawk
configure:2722: result: no
configure:2692: checking for mawk
configure:2708: found /usr/bin/mawk
configure:2719: result: mawk
configure:2730: checking whether make sets $(MAKE)
configure:2752: result: yes
configure:2833: checking whether to enable maintainer-specific portions of Makefiles
configure:2842: result: no
configure:2882: checking for arm-linux-gcc
configure:2909: result: arm-hisiv200-linux-gnueabi-gcc
configure:3178: checking for C compiler version
configure:3187: arm-hisiv200-linux-gnueabi-gcc --version >&5
arm-hisiv200-linux-gnueabi-gcc (Hisilicon_v200(gcc4.4-290+glibc-2.11+eabi+nptl)) 4.4.1
Copyright (C) 2009 Free Software Foundation, Inc.
This is free software; see the source for copying conditions.  There is NO
warranty; not even for MERCHANTABILITY or FITNESS FOR A PARTICULAR PURPOSE.

configure:3198: $? = 0
configure:3187: arm-hisiv200-linux-gnueabi-gcc -v >&5
Using built-in specs.
Target: arm-hisiv200-linux-gnueabi
Configured with: ../gcc-4.4-2010q1/configure --host=i686-pc-linux-gnu --build=i686-pc-linux-gnu --target=arm-hisiv200-linux-gnueabi --prefix=/home/c00132816/toolchain_glibc/install/arm-hisiv200-linux --enable-threads --disable-libmudflap --disable-libssp --disable-libstdcxx-pch --with-arch=armv5te --with-gnu-as --with-gnu-ld --enable-languages=c,c++ --enable-shared --enable-lto --enable-symvers=gnu --enable-__cxa_atexit --disable-nls --enable-extra-hisi-multilibs --with-sysroot=/home/c00132816/toolchain_glibc/install/arm-hisiv200-linux/target --with-build-sysroot=/home/c00132816/toolchain_glibc/install/arm-hisiv200-linux/target --with-gmp=/home/c00132816/toolchain_glibc/install/host_lib --with-mpfr=/home/c00132816/toolchain_glibc/install/host_lib --with-ppl=/home/c00132816/toolchain_glibc/install/host_lib --with-cloog=/home/c00132816/toolchain_glibc/install/host_lib --with-libelf=/home/c00132816/toolchain_glibc/install/host_lib --with-host-libstdcxx='-static-libgcc -Wl,-Bstatic,-lstdc++,-Bstatic -lm' --enable-libgomp --enable-poison-system-directories --with-libelf=/home/c00132816/toolchain_glibc/install/host_lib --with-pkgversion='Hisilicon_v200(gcc4.4-290+glibc-2.11+eabi+nptl)' --with-bugurl=http://www.hisilicon.com/cn/service/claim.html
Thread model: posix
gcc version 4.4.1 (Hisilicon_v200(gcc4.4-290+glibc-2.11+eabi+nptl)) 
configure:3198: $? = 0
configure:3187: arm-hisiv200-linux-gnueabi-gcc -V >&5
arm-hisiv200-linux-gnueabi-gcc: '-V' option must have argument
configure:3198: $? = 1
configure:3187: arm-hisiv200-linux-gnueabi-gcc -qversion >&5
arm-hisiv200-linux-gnueabi-gcc: unrecognized option '-qversion'
arm-hisiv200-linux-gnueabi-gcc: no input files
configure:3198: $? = 1
configure:3218: checking whether the C compiler works
configure:3240: arm-hisiv200-linux-gnueabi-gcc    conftest.c  >&5
configure:3244: $? = 0
configure:3292: result: yes
configure:3295: checking for C compiler default output file name
configure:3297: result: a.out
configure:3303: checking for suffix of executables
configure:3310: arm-hisiv200-linux-gnueabi-gcc -o conftest    conftest.c  >&5
configure:3314: $? = 0
configure:3336: result: 
configure:3358: checking whether we are cross compiling
configure:3366: arm-hisiv200-linux-gnueabi-gcc -o conftest    conftest.c  >&5
configure:3370: $? = 0
configure:3377: ./conftest
./configure: line 3379: ./conftest: cannot execute binary file: Exec format error
configure:3381: $? = 126
configure:3396: result: yes
configure:3401: checking for suffix of object files
configure:3423: arm-hisiv200-linux-gnueabi-gcc -c   conftest.c >&5
configure:3427: $? = 0
configure:3448: result: o
configure:3452: checking whether we are using the GNU C compiler
configure:3471: arm-hisiv200-linux-gnueabi-gcc -c   conftest.c >&5
configure:3471: $? = 0
configure:3480: result: yes
configure:3489: checking whether arm-hisiv200-linux-gnueabi-gcc accepts -g
configure:3509: arm-hisiv200-linux-gnueabi-gcc -c -g  conftest.c >&5
configure:3509: $? = 0
configure:3550: result: yes
configure:3567: checking for arm-hisiv200-linux-gnueabi-gcc option to accept ISO C89
configure:3631: arm-hisiv200-linux-gnueabi-gcc  -c -g -O2  conftest.c >&5
configure:3631: $? = 0
configure:3644: result: none needed
configure:3675: checking for style of include used by make
configure:3703: result: GNU
configure:3728: checking dependency style of arm-hisiv200-linux-gnueabi-gcc
configure:3838: result: gcc3
configure:3882: checking build system type
configure:3896: result: x86_64-unknown-linux-gnu
configure:3916: checking host system type
configure:3929: result: arm-unknown-linux-gnu
configure:3970: checking how to print strings
configure:3997: result: printf
configure:4018: checking for a sed that does not truncate output
configure:4082: result: /bin/sed
configure:4100: checking for grep that handles long lines and -e
configure:4158: result: /bin/grep
configure:4163: checking for egrep
configure:4225: result: /bin/grep -E
configure:4230: checking for fgrep
configure:4292: result: /bin/grep -F
configure:4327: checking for ld used by arm-hisiv200-linux-gnueabi-gcc
configure:4394: result: /opt/hisi-linux/x86-arm/arm-hisiv200-linux/arm-hisiv200-linux-gnueabi/bin/ld
configure:4401: checking if the linker (/opt/hisi-linux/x86-arm/arm-hisiv200-linux/arm-hisiv200-linux-gnueabi/bin/ld) is GNU ld
configure:4416: result: yes
configure:4428: checking for BSD- or MS-compatible name lister (nm)
configure:4477: result: no
configure:4491: checking for arm-linux-dumpbin
configure:4521: result: no
configure:4491: checking for arm-linux-link
configure:4521: result: no
configure:4535: checking for dumpbin
configure:4565: result: no
configure:4535: checking for link
configure:4551: found /usr/bin/link
configure:4562: result: link -dump
configure:4578: WARNING: using cross tools not prefixed with host triplet
configure:4607: checking the name lister (nm) interface
configure:4614: arm-hisiv200-linux-gnueabi-gcc -c -g -O2  conftest.c >&5
configure:4617: nm "conftest.o"
configure:4620: output
00000000 b $d
00000000 B some_variable
configure:4627: result: BSD nm
configure:4630: checking whether ln -s works
configure:4634: result: yes
configure:4642: checking the maximum length of command line arguments
configure:4767: result: 1572864
configure:4784: checking whether the shell understands some XSI constructs
configure:4794: result: yes
configure:4798: checking whether the shell understands "+="
configure:4804: result: yes
configure:4839: checking for /opt/hisi-linux/x86-arm/arm-hisiv200-linux/arm-hisiv200-linux-gnueabi/bin/ld option to reload object files
configure:4846: result: -r
configure:4875: checking for arm-linux-objdump
configure:4905: result: no
configure:4915: checking for objdump
configure:4931: found /usr/bin/objdump
configure:4942: result: objdump
configure:4974: checking how to recognize dependent libraries
configure:5176: result: pass_all
configure:5196: checking for arm-linux-ar
configure:5226: result: no
configure:5236: checking for ar
configure:5252: found /usr/bin/ar
configure:5263: result: ar
configure:5301: checking for arm-linux-strip
configure:5328: result: arm-hisiv200-linux-gnueabi-strip
configure:5400: checking for arm-linux-ranlib
configure:5430: result: no
configure:5440: checking for ranlib
configure:5456: found /usr/bin/ranlib
configure:5467: result: ranlib
configure:5569: checking command to parse nm output from arm-hisiv200-linux-gnueabi-gcc object
configure:5687: arm-hisiv200-linux-gnueabi-gcc -c -g -O2  conftest.c >&5
configure:5690: $? = 0
configure:5694: nm conftest.o \| sed -n -e 's/^.*[ ]\([ABCDGIRSTW][ABCDGIRSTW]*\)[ ][ ]*\([_A-Za-z][_A-Za-z0-9]*\)$/\1 \2 \2/p' \> conftest.nm
configure:5697: $? = 0
configure:5751: arm-hisiv200-linux-gnueabi-gcc -o conftest -g -O2   conftest.c conftstm.o >&5
configure:5754: $? = 0
configure:5792: result: ok
configure:6633: checking how to run the C preprocessor
configure:6664: arm-hisiv200-linux-gnueabi-gcc -E  conftest.c
configure:6664: $? = 0
configure:6678: arm-hisiv200-linux-gnueabi-gcc -E  conftest.c
conftest.c:11: fatal error: ac_nonexistent.h: No such file or directory
compilation terminated.
configure:6678: $? = 1
configure: failed program was:
| /* confdefs.h */
| #define PACKAGE_NAME "libusb"
| #define PACKAGE_TARNAME "libusb"
| #define PACKAGE_VERSION "1.0.9"
| #define PACKAGE_STRING "libusb 1.0.9"
| #define PACKAGE_BUGREPORT "libusb-devel@lists.sourceforge.net"
| #define PACKAGE_URL "http://www.libusb.org/"
| #define PACKAGE "libusb"
| #define VERSION "1.0.9"
| /* end confdefs.h.  */
| #include <ac_nonexistent.h>
configure:6703: result: arm-hisiv200-linux-gnueabi-gcc -E
configure:6723: arm-hisiv200-linux-gnueabi-gcc -E  conftest.c
configure:6723: $? = 0
configure:6737: arm-hisiv200-linux-gnueabi-gcc -E  conftest.c
conftest.c:11: fatal error: ac_nonexistent.h: No such file or directory
compilation terminated.
configure:6737: $? = 1
configure: failed program was:
| /* confdefs.h */
| #define PACKAGE_NAME "libusb"
| #define PACKAGE_TARNAME "libusb"
| #define PACKAGE_VERSION "1.0.9"
| #define PACKAGE_STRING "libusb 1.0.9"
| #define PACKAGE_BUGREPORT "libusb-devel@lists.sourceforge.net"
| #define PACKAGE_URL "http://www.libusb.org/"
| #define PACKAGE "libusb"
| #define VERSION "1.0.9"
| /* end confdefs.h.  */
| #include <ac_nonexistent.h>
configure:6766: checking for ANSI C header files
configure:6786: arm-hisiv200-linux-gnueabi-gcc -c -g -O2  conftest.c >&5
configure:6786: $? = 0
configure:6870: result: yes
configure:6883: checking for sys/types.h
configure:6883: arm-hisiv200-linux-gnueabi-gcc -c -g -O2  conftest.c >&5
configure:6883: $? = 0
configure:6883: result: yes
configure:6883: checking for sys/stat.h
configure:6883: arm-hisiv200-linux-gnueabi-gcc -c -g -O2  conftest.c >&5
configure:6883: $? = 0
configure:6883: result: yes
configure:6883: checking for stdlib.h
configure:6883: arm-hisiv200-linux-gnueabi-gcc -c -g -O2  conftest.c >&5
configure:6883: $? = 0
configure:6883: result: yes
configure:6883: checking for string.h
configure:6883: arm-hisiv200-linux-gnueabi-gcc -c -g -O2  conftest.c >&5
configure:6883: $? = 0
configure:6883: result: yes
configure:6883: checking for memory.h
configure:6883: arm-hisiv200-linux-gnueabi-gcc -c -g -O2  conftest.c >&5
configure:6883: $? = 0
configure:6883: result: yes
configure:6883: checking for strings.h
configure:6883: arm-hisiv200-linux-gnueabi-gcc -c -g -O2  conftest.c >&5
configure:6883: $? = 0
configure:6883: result: yes
configure:6883: checking for inttypes.h
configure:6883: arm-hisiv200-linux-gnueabi-gcc -c -g -O2  conftest.c >&5
configure:6883: $? = 0
configure:6883: result: yes
configure:6883: checking for stdint.h
configure:6883: arm-hisiv200-linux-gnueabi-gcc -c -g -O2  conftest.c >&5
configure:6883: $? = 0
configure:6883: result: yes
configure:6883: checking for unistd.h
configure:6883: arm-hisiv200-linux-gnueabi-gcc -c -g -O2  conftest.c >&5
configure:6883: $? = 0
configure:6883: result: yes
configure:6897: checking for dlfcn.h
configure:6897: arm-hisiv200-linux-gnueabi-gcc -c -g -O2  conftest.c >&5
configure:6897: $? = 0
configure:6897: result: yes
configure:7084: checking for objdir
configure:7099: result: .libs
configure:7366: checking if arm-hisiv200-linux-gnueabi-gcc supports -fno-rtti -fno-exceptions
configure:7384: arm-hisiv200-linux-gnueabi-gcc -c -g -O2  -fno-rtti -fno-exceptions conftest.c >&5
cc1: warning: command line option "-fno-rtti" is valid for C++/ObjC++ but not for C
configure:7388: $? = 0
configure:7401: result: no
configure:7421: checking for arm-hisiv200-linux-gnueabi-gcc option to produce PIC
configure:7706: result: -fPIC -DPIC
configure:7718: checking if arm-hisiv200-linux-gnueabi-gcc PIC flag -fPIC -DPIC works
configure:7736: arm-hisiv200-linux-gnueabi-gcc -c -g -O2  -fPIC -DPIC -DPIC conftest.c >&5
configure:7740: $? = 0
configure:7753: result: yes
configure:7777: checking if arm-hisiv200-linux-gnueabi-gcc static flag -static works
configure:7805: result: yes
configure:7820: checking if arm-hisiv200-linux-gnueabi-gcc supports -c -o file.o
configure:7841: arm-hisiv200-linux-gnueabi-gcc -c -g -O2  -o out/conftest2.o conftest.c >&5
configure:7845: $? = 0
configure:7867: result: yes
configure:7875: checking if arm-hisiv200-linux-gnueabi-gcc supports -c -o file.o
configure:7922: result: yes
configure:7955: checking whether the arm-hisiv200-linux-gnueabi-gcc linker (/opt/hisi-linux/x86-arm/arm-hisiv200-linux/arm-hisiv200-linux-gnueabi/bin/ld) supports shared libraries
configure:9030: result: yes
configure:9067: checking whether -lc should be explicitly linked in
configure:9075: arm-hisiv200-linux-gnueabi-gcc -c -g -O2  conftest.c >&5
configure:9078: $? = 0
configure:9093: arm-hisiv200-linux-gnueabi-gcc -shared conftest.o  -v -Wl,-soname -Wl,conftest -o conftest 2\>\&1 \| /bin/grep  -lc  \>/dev/null 2\>\&1
configure:9096: $? = 0
configure:9110: result: no
configure:9275: checking dynamic linker characteristics
configure:9743: arm-hisiv200-linux-gnueabi-gcc -o conftest -g -O2   -Wl,-rpath -Wl,/foo conftest.c  >&5
configure:9743: $? = 0
configure:9965: result: GNU/Linux ld.so
configure:10072: checking how to hardcode library paths into programs
configure:10097: result: immediate
configure:10637: checking whether stripping libraries is possible
configure:10642: result: yes
configure:10677: checking if libtool supports shared libraries
configure:10679: result: yes
configure:10682: checking whether to build shared libraries
configure:10703: result: yes
configure:10706: checking whether to build static libraries
configure:10710: result: yes
configure:10748: checking for arm-linux-windres
configure:10778: result: no
configure:10788: checking for windres
configure:10818: result: no
configure:10919: checking for inline
configure:10935: arm-hisiv200-linux-gnueabi-gcc -c -g -O2  conftest.c >&5
configure:10935: $? = 0
configure:10943: result: inline
configure:10962: checking whether arm-hisiv200-linux-gnueabi-gcc and cc understand -c and -o together
configure:10993: arm-hisiv200-linux-gnueabi-gcc -c conftest.c -o conftest2.o >&5
configure:10997: $? = 0
configure:11003: arm-hisiv200-linux-gnueabi-gcc -c conftest.c -o conftest2.o >&5
configure:11007: $? = 0
configure:11018: cc -c conftest.c >&5
configure:11022: $? = 0
configure:11030: cc -c conftest.c -o conftest2.o >&5
configure:11034: $? = 0
configure:11040: cc -c conftest.c -o conftest2.o >&5
configure:11044: $? = 0
configure:11062: result: yes
configure:11093: checking operating system
configure:11097: result: Linux
configure:11136: checking for clock_gettime in -lrt
configure:11161: arm-hisiv200-linux-gnueabi-gcc -o conftest -g -O2   conftest.c -lrt   >&5
configure:11161: $? = 0
configure:11170: result: yes
configure:11181: checking poll.h usability
configure:11181: arm-hisiv200-linux-gnueabi-gcc -c -g -O2  conftest.c >&5
configure:11181: $? = 0
configure:11181: result: yes
configure:11181: checking poll.h presence
configure:11181: arm-hisiv200-linux-gnueabi-gcc -E  conftest.c
configure:11181: $? = 0
configure:11181: result: yes
configure:11181: checking for poll.h
configure:11181: result: yes
configure:11315: checking sys/timerfd.h usability
configure:11315: arm-hisiv200-linux-gnueabi-gcc -c -g -O2  conftest.c >&5
configure:11315: $? = 0
configure:11315: result: yes
configure:11315: checking sys/timerfd.h presence
configure:11315: arm-hisiv200-linux-gnueabi-gcc -E  conftest.c
configure:11315: $? = 0
configure:11315: result: yes
configure:11315: checking for sys/timerfd.h
configure:11315: result: yes
configure:11335: checking whether TFD_NONBLOCK is declared
configure:11335: arm-hisiv200-linux-gnueabi-gcc -c -g -O2  conftest.c >&5
configure:11335: $? = 0
configure:11335: result: yes
configure:11347: checking whether to use timerfd for timing
configure:11354: result: yes
configure:11365: checking for struct timespec
configure:11365: arm-hisiv200-linux-gnueabi-gcc -c -g -O2  conftest.c >&5
configure:11365: $? = 0
configure:11365: arm-hisiv200-linux-gnueabi-gcc -c -g -O2  conftest.c >&5
conftest.c: In function 'main':
conftest.c:65: error: expected expression before ')' token
configure:11365: $? = 1
configure: failed program was:
| /* confdefs.h */
| #define PACKAGE_NAME "libusb"
| #define PACKAGE_TARNAME "libusb"
| #define PACKAGE_VERSION "1.0.9"
| #define PACKAGE_STRING "libusb 1.0.9"
| #define PACKAGE_BUGREPORT "libusb-devel@lists.sourceforge.net"
| #define PACKAGE_URL "http://www.libusb.org/"
| #define PACKAGE "libusb"
| #define VERSION "1.0.9"
| #define STDC_HEADERS 1
| #define HAVE_SYS_TYPES_H 1
| #define HAVE_SYS_STAT_H 1
| #define HAVE_STDLIB_H 1
| #define HAVE_STRING_H 1
| #define HAVE_MEMORY_H 1
| #define HAVE_STRINGS_H 1
| #define HAVE_INTTYPES_H 1
| #define HAVE_STDINT_H 1
| #define HAVE_UNISTD_H 1
| #define HAVE_DLFCN_H 1
| #define LT_OBJDIR ".libs/"
| #define _GNU_SOURCE 1
| #define OS_LINUX 1
| #define HAVE_POLL_H 1
| #define POLL_NFDS_TYPE nfds_t
| #define THREADS_POSIX 1
| #define USBI_TIMERFD_AVAILABLE 1
| /* end confdefs.h.  */
| #include <stdio.h>
| #ifdef HAVE_SYS_TYPES_H
| # include <sys/types.h>
| #endif
| #ifdef HAVE_SYS_STAT_H
| # include <sys/stat.h>
| #endif
| #ifdef STDC_HEADERS
| # include <stdlib.h>
| # include <stddef.h>
| #else
| # ifdef HAVE_STDLIB_H
| #  include <stdlib.h>
| # endif
| #endif
| #ifdef HAVE_STRING_H
| # if !defined STDC_HEADERS && defined HAVE_MEMORY_H
| #  include <memory.h>
| # endif
| # include <string.h>
| #endif
| #ifdef HAVE_STRINGS_H
| # include <strings.h>
| #endif
| #ifdef HAVE_INTTYPES_H
| # include <inttypes.h>
| #endif
| #ifdef HAVE_STDINT_H
| # include <stdint.h>
| #endif
| #ifdef HAVE_UNISTD_H
| # include <unistd.h>
| #endif
| int
| main ()
| {
| if (sizeof ((struct timespec)))
| 	    return 0;
|   ;
|   return 0;
| }
configure:11365: result: yes
configure:11435: arm-hisiv200-linux-gnueabi-gcc -c -g -O2 -Werror -fvisibility=hidden  conftest.c >&5
configure:11435: $? = 0
configure:11463: arm-hisiv200-linux-gnueabi-gcc -c -g -O2 -Wno-pointer-sign  conftest.c >&5
configure:11463: $? = 0
configure:11472: checking for sigaction
configure:11472: arm-hisiv200-linux-gnueabi-gcc -o conftest -g -O2   conftest.c  -lrt -pthread >&5
configure:11472: $? = 0
configure:11472: result: yes
configure:11491: checking sys/time.h usability
configure:11491: arm-hisiv200-linux-gnueabi-gcc -c -g -O2  conftest.c >&5
configure:11491: $? = 0
configure:11491: result: yes
configure:11491: checking sys/time.h presence
configure:11491: arm-hisiv200-linux-gnueabi-gcc -E  conftest.c
configure:11491: $? = 0
configure:11491: result: yes
configure:11491: checking for sys/time.h
configure:11491: result: yes
configure:11503: checking for gettimeofday
configure:11503: arm-hisiv200-linux-gnueabi-gcc -o conftest -g -O2   conftest.c  -lrt -pthread >&5
configure:11503: $? = 0
configure:11503: result: yes
configure:11693: creating ./config.status

## ---------------------- ##
## Running config.status. ##
## ---------------------- ##

This file was extended by libusb config.status 1.0.9, which was
generated by GNU Autoconf 2.68.  Invocation command line was

  CONFIG_FILES    = 
  CONFIG_HEADERS  = 
  CONFIG_LINKS    = 
  CONFIG_COMMANDS = 
  $ ./config.status 

on iton-Vostro-3900

config.status:1165: creating libusb-1.0.pc
config.status:1165: creating Makefile
config.status:1165: creating libusb/Makefile
config.status:1165: creating examples/Makefile
config.status:1165: creating doc/Makefile
config.status:1165: creating doc/doxygen.cfg
config.status:1165: creating config.h
config.status:1346: config.h is unchanged
config.status:1394: executing depfiles commands
config.status:1394: executing libtool commands

## ---------------- ##
## Cache variables. ##
## ---------------- ##

ac_cv_build=x86_64-unknown-linux-gnu
ac_cv_c_compiler_gnu=yes
ac_cv_c_inline=inline
ac_cv_env_CC_set=set
ac_cv_env_CC_value=arm-hisiv200-linux-gnueabi-gcc
ac_cv_env_CFLAGS_set=
ac_cv_env_CFLAGS_value=
ac_cv_env_CPPFLAGS_set=
ac_cv_env_CPPFLAGS_value=
ac_cv_env_CPP_set=
ac_cv_env_CPP_value=
ac_cv_env_LDFLAGS_set=
ac_cv_env_LDFLAGS_value=
ac_cv_env_LIBS_set=
ac_cv_env_LIBS_value=
ac_cv_env_build_alias_set=
ac_cv_env_build_alias_value=
ac_cv_env_host_alias_set=set
ac_cv_env_host_alias_value=arm-linux
ac_cv_env_target_alias_set=
ac_cv_env_target_alias_value=
ac_cv_func_gettimeofday=yes
ac_cv_func_sigaction=yes
ac_cv_have_decl_TFD_NONBLOCK=yes
ac_cv_header_dlfcn_h=yes
ac_cv_header_inttypes_h=yes
ac_cv_header_memory_h=yes
ac_cv_header_poll_h=yes
ac_cv_header_stdc=yes
ac_cv_header_stdint_h=yes
ac_cv_header_stdlib_h=yes
ac_cv_header_string_h=yes
ac_cv_header_strings_h=yes
ac_cv_header_sys_stat_h=yes
ac_cv_header_sys_time_h=yes
ac_cv_header_sys_timerfd_h=yes
ac_cv_header_sys_types_h=yes
ac_cv_header_unistd_h=yes
ac_cv_host=arm-unknown-linux-gnu
ac_cv_lib_rt_clock_gettime=yes
ac_cv_objext=o
ac_cv_path_EGREP='/bin/grep -E'
ac_cv_path_FGREP='/bin/grep -F'
ac_cv_path_GREP=/bin/grep
ac_cv_path_SED=/bin/sed
ac_cv_path_install='/usr/bin/install -c'
ac_cv_path_mkdir=/bin/mkdir
ac_cv_prog_AWK=mawk
ac_cv_prog_CC=arm-hisiv200-linux-gnueabi-gcc
ac_cv_prog_CPP='arm-hisiv200-linux-gnueabi-gcc -E'
ac_cv_prog_STRIP=arm-hisiv200-linux-gnueabi-strip
ac_cv_prog_ac_ct_AR=ar
ac_cv_prog_ac_ct_DUMPBIN='link -dump'
ac_cv_prog_ac_ct_OBJDUMP=objdump
ac_cv_prog_ac_ct_RANLIB=ranlib
ac_cv_prog_cc_arm_hisiv200_linux_gnueabi_gcc_c_o=yes
ac_cv_prog_cc_c89=
ac_cv_prog_cc_g=yes
ac_cv_prog_make_make_set=yes
ac_cv_type_struct_timespec=yes
am_cv_CC_dependencies_compiler_type=gcc3
lt_cv_archive_cmds_need_lc=no
lt_cv_deplibs_check_method=pass_all
lt_cv_file_magic_cmd='$MAGIC_CMD'
lt_cv_file_magic_test_file=
lt_cv_ld_reload_flag=-r
lt_cv_nm_interface='BSD nm'
lt_cv_objdir=.libs
lt_cv_path_LD=/opt/hisi-linux/x86-arm/arm-hisiv200-linux/arm-hisiv200-linux-gnueabi/bin/ld
lt_cv_path_NM=no
lt_cv_prog_compiler_c_o=yes
lt_cv_prog_compiler_c_o_RC=yes
lt_cv_prog_compiler_pic_works=yes
lt_cv_prog_compiler_rtti_exceptions=no
lt_cv_prog_compiler_static_works=yes
lt_cv_prog_gnu_ld=yes
lt_cv_shlibpath_overrides_runpath=no
lt_cv_sys_global_symbol_pipe='sed -n -e '\''s/^.*[	 ]\([ABCDGIRSTW][ABCDGIRSTW]*\)[	 ][	 ]*\([_A-Za-z][_A-Za-z0-9]*\)$/\1 \2 \2/p'\'''
lt_cv_sys_global_symbol_to_c_name_address='sed -n -e '\''s/^: \([^ ]*\) $/  {\"\1\", (void *) 0},/p'\'' -e '\''s/^[ABCDGIRSTW]* \([^ ]*\) \([^ ]*\)$/  {"\2", (void *) \&\2},/p'\'''
lt_cv_sys_global_symbol_to_c_name_address_lib_prefix='sed -n -e '\''s/^: \([^ ]*\) $/  {\"\1\", (void *) 0},/p'\'' -e '\''s/^[ABCDGIRSTW]* \([^ ]*\) \(lib[^ ]*\)$/  {"\2", (void *) \&\2},/p'\'' -e '\''s/^[ABCDGIRSTW]* \([^ ]*\) \([^ ]*\)$/  {"lib\2", (void *) \&\2},/p'\'''
lt_cv_sys_global_symbol_to_cdecl='sed -n -e '\''s/^T .* \(.*\)$/extern int \1();/p'\'' -e '\''s/^[ABCDGIRSTW]* .* \(.*\)$/extern char \1;/p'\'''
lt_cv_sys_max_cmd_len=1572864

## ----------------- ##
## Output variables. ##
## ----------------- ##

ACLOCAL='${SHELL} /home/yf/bcm/src/dhd_rel_1_206_43569/src/usbdev/libusb-1.0.9/missing --run aclocal-1.11'
AMDEPBACKSLASH='\'
AMDEP_FALSE='#'
AMDEP_TRUE=''
AMTAR='${SHELL} /home/yf/bcm/src/dhd_rel_1_206_43569/src/usbdev/libusb-1.0.9/missing --run tar'
AM_BACKSLASH='\'
AM_CFLAGS='-std=gnu99 -Wall -Wundef -Wunused -Wstrict-prototypes -Werror-implicit-function-declaration -Wno-pointer-sign -Wshadow'
AM_DEFAULT_VERBOSITY='0'
AR='ar'
AUTOCONF='${SHELL} /home/yf/bcm/src/dhd_rel_1_206_43569/src/usbdev/libusb-1.0.9/missing --run autoconf'
AUTOHEADER='${SHELL} /home/yf/bcm/src/dhd_rel_1_206_43569/src/usbdev/libusb-1.0.9/missing --run autoheader'
AUTOMAKE='${SHELL} /home/yf/bcm/src/dhd_rel_1_206_43569/src/usbdev/libusb-1.0.9/missing --run automake-1.11'
AWK='mawk'
BUILD_EXAMPLES_FALSE=''
BUILD_EXAMPLES_TRUE='#'
CC='arm-hisiv200-linux-gnueabi-gcc'
CCDEPMODE='depmode=gcc3'
CFLAGS='-g -O2'
CPP='arm-hisiv200-linux-gnueabi-gcc -E'
CPPFLAGS=''
CYGPATH_W='echo'
DEFS='-DHAVE_CONFIG_H'
DEPDIR='.deps'
DSYMUTIL=''
DUMPBIN=':'
ECHO_C=''
ECHO_N='-n'
ECHO_T=''
EGREP='/bin/grep -E'
EXEEXT=''
FGREP='/bin/grep -F'
GREP='/bin/grep'
HAVE_SIGACTION_FALSE='#'
HAVE_SIGACTION_TRUE=''
INSTALL_DATA='${INSTALL} -m 644'
INSTALL_PROGRAM='${INSTALL}'
INSTALL_SCRIPT='${INSTALL}'
INSTALL_STRIP_PROGRAM='$(install_sh) -c -s'
LD='/opt/hisi-linux/x86-arm/arm-hisiv200-linux/arm-hisiv200-linux-gnueabi/bin/ld'
LDFLAGS=''
LIBOBJS=''
LIBS=' -lrt -pthread'
LIBTOOL='$(SHELL) $(top_builddir)/libtool'
LIPO=''
LN_S='ln -s'
LTLDFLAGS='-version-info 1:0:1 -no-undefined'
LTLIBOBJS=''
MAINT='#'
MAINTAINER_MODE_FALSE=''
MAINTAINER_MODE_TRUE='#'
MAKEINFO='${SHELL} /home/yf/bcm/src/dhd_rel_1_206_43569/src/usbdev/libusb-1.0.9/missing --run makeinfo'
MKDIR_P='/bin/mkdir -p'
NM='nm'
NMEDIT=''
OBJDUMP='objdump'
OBJEXT='o'
OS_DARWIN=''
OS_DARWIN_FALSE=''
OS_DARWIN_TRUE='#'
OS_LINUX=''
OS_LINUX_FALSE='#'
OS_LINUX_TRUE=''
OS_OPENBSD=''
OS_OPENBSD_FALSE=''
OS_OPENBSD_TRUE='#'
OS_WINDOWS=''
OS_WINDOWS_FALSE=''
OS_WINDOWS_TRUE='#'
OTOOL64=''
OTOOL=''
PACKAGE='libusb'
PACKAGE_BUGREPORT='libusb-devel@lists.sourceforge.net'
PACKAGE_NAME='libusb'
PACKAGE_STRING='libusb 1.0.9'
PACKAGE_TARNAME='libusb'
PACKAGE_URL='http://www.libusb.org/'
PACKAGE_VERSION='1.0.9'
PATH_SEPARATOR=':'
PC_LIBS_PRIVATE='-lrt -pthread'
RANLIB='ranlib'
RC=''
SED='/bin/sed'
SET_MAKE=''
SHELL='/bin/bash'
STRIP='arm-hisiv200-linux-gnueabi-strip'
THREADS_POSIX_FALSE='#'
THREADS_POSIX_TRUE=''
THREAD_CFLAGS='-pthread'
VERSION='1.0.9'
VISIBILITY_CFLAGS='-fvisibility=hidden'
ac_ct_CC=''
ac_ct_DUMPBIN='link -dump'
am__EXEEXT_FALSE=''
am__EXEEXT_TRUE='#'
am__fastdepCC_FALSE='#'
am__fastdepCC_TRUE=''
am__include='include'
am__isrc=''
am__leading_dot='.'
am__quote=''
am__tar='${AMTAR} chof - "$$tardir"'
am__untar='${AMTAR} xf -'
bindir='${exec_prefix}/bin'
build='x86_64-unknown-linux-gnu'
build_alias=''
build_cpu='x86_64'
build_os='linux-gnu'
build_vendor='unknown'
datadir='${datarootdir}'
datarootdir='${prefix}/share'
docdir='${datarootdir}/doc/${PACKAGE_TARNAME}'
dvidir='${docdir}'
exec_prefix='${prefix}'
host='arm-unknown-linux-gnu'
host_alias='arm-linux'
host_cpu='arm'
host_os='linux-gnu'
host_vendor='unknown'
htmldir='${docdir}'
includedir='${prefix}/include'
infodir='${datarootdir}/info'
install_sh='${SHELL} /home/yf/bcm/src/dhd_rel_1_206_43569/src/usbdev/libusb-1.0.9/install-sh'
libdir='${exec_prefix}/lib'
libexecdir='${exec_prefix}/libexec'
localedir='${datarootdir}/locale'
localstatedir='${prefix}/var'
mandir='${datarootdir}/man'
mkdir_p='/bin/mkdir -p'
oldincludedir='/usr/include'
pdfdir='${docdir}'
prefix='/home/yf/bcm/src/dhd_rel_1_206_43569/src/usbdev/libusb-1.0.9/install'
program_transform_name='s,x,x,'
psdir='${docdir}'
sbindir='${exec_prefix}/sbin'
sharedstatedir='${prefix}/com'
sysconfdir='${prefix}/etc'
target_alias=''

## ----------- ##
## confdefs.h. ##
## ----------- ##

/* confdefs.h */
#define PACKAGE_NAME "libusb"
#define PACKAGE_TARNAME "libusb"
#define PACKAGE_VERSION "1.0.9"
#define PACKAGE_STRING "libusb 1.0.9"
#define PACKAGE_BUGREPORT "libusb-devel@lists.sourceforge.net"
#define PACKAGE_URL "http://www.libusb.org/"
#define PACKAGE "libusb"
#define VERSION "1.0.9"
#define STDC_HEADERS 1
#define HAVE_SYS_TYPES_H 1
#define HAVE_SYS_STAT_H 1
#define HAVE_STDLIB_H 1
#define HAVE_STRING_H 1
#define HAVE_MEMORY_H 1
#define HAVE_STRINGS_H 1
#define HAVE_INTTYPES_H 1
#define HAVE_STDINT_H 1
#define HAVE_UNISTD_H 1
#define HAVE_DLFCN_H 1
#define LT_OBJDIR ".libs/"
#define _GNU_SOURCE 1
#define OS_LINUX 1
#define HAVE_POLL_H 1
#define POLL_NFDS_TYPE nfds_t
#define THREADS_POSIX 1
#define USBI_TIMERFD_AVAILABLE 1
#define HAVE_STRUCT_TIMESPEC 1
#define ENABLE_LOGGING 1
#define DEFAULT_VISIBILITY __attribute__((visibility("default")))
#define HAVE_SYS_TIME_H 1
#define HAVE_GETTIMEOFDAY 1

configure: exit 0
